{
  level: 'error',
  message: '{"statusCode":500,"status":"SERVER_ERROR","message":"req is not defined","stack":"ReferenceError: req is not defined\\n    at UserService.logout (/mnt/2FE5E29F04B530D2/express-projects/02authentication-project/src/user/user.service.js:55:27)\\n    at UserController.logout (/mnt/2FE5E29F04B530D2/express-projects/02authentication-project/src/user/user.controller.js:71:26)\\n    at /mnt/2FE5E29F04B530D2/express-projects/02authentication-project/src/user/user.route.js:12:64\\n    at Layer.handle [as handle_request] (/mnt/2FE5E29F04B530D2/express-projects/02authentication-project/node_modules/express/lib/router/layer.js:95:5)\\n    at next (/mnt/2FE5E29F04B530D2/express-projects/02authentication-project/node_modules/express/lib/router/route.js:137:13)\\n    at auth (/mnt/2FE5E29F04B530D2/express-projects/02authentication-project/src/middleware/auth.mid.js:31:9)\\n    at processTicksAndRejections (internal/process/task_queues.js:97:5)","level":"error","url":"/users/logout","method":"POST","ip":"::1","transationId":"one","correlationId":"one","request":"{}"}',
  timestamp: '2020-04-25T02:54:33.682Z'
}
{
  message: '::1 - - [25/Apr/2020:02:54:33 +0000] "POST /users/logout HTTP/1.1" 500 71 "-" "Mozilla/5.0 (X11; Linux x86_64) AppleWebKit/537.36 (KHTML, like Gecko) Chrome/81.0.4044.92 Safari/537.36"\n',
  level: 'info',
  timestamp: '2020-04-25T02:54:33.688Z'
}
{
  message: '::1 - - [25/Apr/2020:02:58:19 +0000] "POST /users/logout HTTP/1.1" 200 580 "-" "Mozilla/5.0 (X11; Linux x86_64) AppleWebKit/537.36 (KHTML, like Gecko) Chrome/81.0.4044.92 Safari/537.36"\n',
  level: 'info',
  timestamp: '2020-04-25T02:58:19.704Z'
}
{
  level: 'warning',
  message: '{"statusCode":403,"status":"CLIENT_ERROR","message":"auth - error user id or token","stack":"Error: auth - error user id or token\\n    at auth (/mnt/2FE5E29F04B530D2/express-projects/02authentication-project/src/middleware/auth.mid.js:25:25)\\n    at processTicksAndRejections (internal/process/task_queues.js:97:5)","level":"warning","url":"/users/logout","method":"POST","ip":"::1","transationId":"one","correlationId":"one","request":"{}"}',
  timestamp: '2020-04-25T02:58:31.463Z'
}
{
  message: '::1 - - [25/Apr/2020:02:58:31 +0000] "POST /users/logout HTTP/1.1" 403 82 "-" "Mozilla/5.0 (X11; Linux x86_64) AppleWebKit/537.36 (KHTML, like Gecko) Chrome/81.0.4044.92 Safari/537.36"\n',
  level: 'info',
  timestamp: '2020-04-25T02:58:31.464Z'
}
{
  level: 'warning',
  message: '{"statusCode":403,"status":"CLIENT_ERROR","message":"auth - User NO Authenticated","stack":"Error: auth - User NO Authenticated\\n    at auth (/mnt/2FE5E29F04B530D2/express-projects/02authentication-project/src/middleware/auth.mid.js:11:25)\\n    at Layer.handle [as handle_request] (/mnt/2FE5E29F04B530D2/express-projects/02authentication-project/node_modules/express/lib/router/layer.js:95:5)\\n    at next (/mnt/2FE5E29F04B530D2/express-projects/02authentication-project/node_modules/express/lib/router/route.js:137:13)\\n    at Route.dispatch (/mnt/2FE5E29F04B530D2/express-projects/02authentication-project/node_modules/express/lib/router/route.js:112:3)\\n    at Layer.handle [as handle_request] (/mnt/2FE5E29F04B530D2/express-projects/02authentication-project/node_modules/express/lib/router/layer.js:95:5)\\n    at /mnt/2FE5E29F04B530D2/express-projects/02authentication-project/node_modules/express/lib/router/index.js:281:22\\n    at Function.process_params (/mnt/2FE5E29F04B530D2/express-projects/02authentication-project/node_modules/express/lib/router/index.js:335:12)\\n    at next (/mnt/2FE5E29F04B530D2/express-projects/02authentication-project/node_modules/express/lib/router/index.js:275:10)\\n    at Function.handle (/mnt/2FE5E29F04B530D2/express-projects/02authentication-project/node_modules/express/lib/router/index.js:174:3)\\n    at router (/mnt/2FE5E29F04B530D2/express-projects/02authentication-project/node_modules/express/lib/router/index.js:47:12)\\n    at Layer.handle [as handle_request] (/mnt/2FE5E29F04B530D2/express-projects/02authentication-project/node_modules/express/lib/router/layer.js:95:5)\\n    at trim_prefix (/mnt/2FE5E29F04B530D2/express-projects/02authentication-project/node_modules/express/lib/router/index.js:317:13)\\n    at /mnt/2FE5E29F04B530D2/express-projects/02authentication-project/node_modules/express/lib/router/index.js:284:7\\n    at Function.process_params (/mnt/2FE5E29F04B530D2/express-projects/02authentication-project/node_modules/express/lib/router/index.js:335:12)\\n    at next (/mnt/2FE5E29F04B530D2/express-projects/02authentication-project/node_modules/express/lib/router/index.js:275:10)\\n    at /mnt/2FE5E29F04B530D2/express-projects/02authentication-project/node_modules/express-rate-limit/lib/express-rate-limit.js:145:11","level":"warning","url":"/users/hello","method":"GET","ip":"::1","transationId":"one","correlationId":"one","request":"{}"}',
  timestamp: '2020-04-25T03:01:01.548Z'
}
{
  message: '::1 - - [25/Apr/2020:03:01:01 +0000] "GET /users/hello HTTP/1.1" 403 81 "-" "Mozilla/5.0 (X11; Linux x86_64) AppleWebKit/537.36 (KHTML, like Gecko) Chrome/81.0.4044.92 Safari/537.36"\n',
  level: 'info',
  timestamp: '2020-04-25T03:01:01.556Z'
}
{
  message: '::1 - - [25/Apr/2020:03:01:08 +0000] "GET /users HTTP/1.1" 200 - "-" "Mozilla/5.0 (X11; Linux x86_64) AppleWebKit/537.36 (KHTML, like Gecko) Chrome/81.0.4044.92 Safari/537.36"\n',
  level: 'info',
  timestamp: '2020-04-25T03:01:08.139Z'
}
{
  level: 'warning',
  message: '{"statusCode":403,"status":"CLIENT_ERROR","message":"auth - error user id or token","stack":"Error: auth - error user id or token\\n    at auth (/mnt/2FE5E29F04B530D2/express-projects/02authentication-project/src/middleware/auth.mid.js:25:25)\\n    at processTicksAndRejections (internal/process/task_queues.js:97:5)","level":"warning","url":"/users/5e9c725ffb94692819d13ce6","method":"GET","ip":"::1","transationId":"one","correlationId":"one","request":"{}"}',
  timestamp: '2020-04-25T03:01:36.672Z'
}
{
  message: '::1 - - [25/Apr/2020:03:01:36 +0000] "GET /users/5e9c725ffb94692819d13ce6 HTTP/1.1" 403 82 "-" "Mozilla/5.0 (X11; Linux x86_64) AppleWebKit/537.36 (KHTML, like Gecko) Chrome/81.0.4044.92 Safari/537.36"\n',
  level: 'info',
  timestamp: '2020-04-25T03:01:36.673Z'
}
{
  message: '::1 - - [25/Apr/2020:03:02:17 +0000] "GET /users/5e9c725ffb94692819d13ce6 HTTP/1.1" 200 16 "-" "Mozilla/5.0 (X11; Linux x86_64) AppleWebKit/537.36 (KHTML, like Gecko) Chrome/81.0.4044.92 Safari/537.36"\n',
  level: 'info',
  timestamp: '2020-04-25T03:02:17.081Z'
}
{
  message: '::1 - - [25/Apr/2020:03:02:37 +0000] "GET /users/5e9c725ffb94692819d13ce6 HTTP/1.1" 200 16 "-" "Mozilla/5.0 (X11; Linux x86_64) AppleWebKit/537.36 (KHTML, like Gecko) Chrome/81.0.4044.92 Safari/537.36"\n',
  level: 'info',
  timestamp: '2020-04-25T03:02:37.051Z'
}
{
  message: '::1 - - [25/Apr/2020:03:03:06 +0000] "GET /users/id/5e9c725ffb94692819d13ce6 HTTP/1.1" 200 16 "-" "Mozilla/5.0 (X11; Linux x86_64) AppleWebKit/537.36 (KHTML, like Gecko) Chrome/81.0.4044.92 Safari/537.36"\n',
  level: 'info',
  timestamp: '2020-04-25T03:03:06.806Z'
}
{
  message: '::1 - - [25/Apr/2020:03:03:44 +0000] "GET /users/id/5e9c725ffb94692819d13ce6 HTTP/1.1" 200 16 "-" "Mozilla/5.0 (X11; Linux x86_64) AppleWebKit/537.36 (KHTML, like Gecko) Chrome/81.0.4044.92 Safari/537.36"\n',
  level: 'info',
  timestamp: '2020-04-25T03:03:44.558Z'
}
{
  message: '::1 - - [25/Apr/2020:03:04:33 +0000] "GET /users/id/5e9c725ffb94692819d13ce6 HTTP/1.1" 200 141 "-" "Mozilla/5.0 (X11; Linux x86_64) AppleWebKit/537.36 (KHTML, like Gecko) Chrome/81.0.4044.92 Safari/537.36"\n',
  level: 'info',
  timestamp: '2020-04-25T03:04:33.257Z'
}
{
  message: '::1 - - [25/Apr/2020:03:04:58 +0000] "GET /users/id/5e9c725ffb94692819d13ce6 HTTP/1.1" 200 16 "-" "Mozilla/5.0 (X11; Linux x86_64) AppleWebKit/537.36 (KHTML, like Gecko) Chrome/81.0.4044.92 Safari/537.36"\n',
  level: 'info',
  timestamp: '2020-04-25T03:04:58.150Z'
}
{
  message: '::1 - - [25/Apr/2020:03:05:41 +0000] "GET /users/id/5e9c725ffb94692819d13ce6 HTTP/1.1" 200 14 "-" "Mozilla/5.0 (X11; Linux x86_64) AppleWebKit/537.36 (KHTML, like Gecko) Chrome/81.0.4044.92 Safari/537.36"\n',
  level: 'info',
  timestamp: '2020-04-25T03:05:41.267Z'
}
{
  message: '::1 - - [25/Apr/2020:03:12:57 +0000] "POST /users/logout HTTP/1.1" 200 189 "-" "Mozilla/5.0 (X11; Linux x86_64) AppleWebKit/537.36 (KHTML, like Gecko) Chrome/81.0.4044.92 Safari/537.36"\n',
  level: 'info',
  timestamp: '2020-04-25T03:12:57.400Z'
}
{
  level: 'warning',
  message: '{"statusCode":422,"status":"CLIENT_ERROR","message":"Email is required","stack":"Error: Email is required\\n    at checkEmail (/mnt/2FE5E29F04B530D2/express-projects/02authentication-project/src/util/user.validation.js:47:21)\\n    at validateLogin (/mnt/2FE5E29F04B530D2/express-projects/02authentication-project/src/util/user.validation.js:19:9)\\n    at UserController.login (/mnt/2FE5E29F04B530D2/express-projects/02authentication-project/src/user/user.controller.js:58:13)\\n    at /mnt/2FE5E29F04B530D2/express-projects/02authentication-project/src/user/user.route.js:11:58\\n    at Layer.handle [as handle_request] (/mnt/2FE5E29F04B530D2/express-projects/02authentication-project/node_modules/express/lib/router/layer.js:95:5)\\n    at next (/mnt/2FE5E29F04B530D2/express-projects/02authentication-project/node_modules/express/lib/router/route.js:137:13)\\n    at Route.dispatch (/mnt/2FE5E29F04B530D2/express-projects/02authentication-project/node_modules/express/lib/router/route.js:112:3)\\n    at Layer.handle [as handle_request] (/mnt/2FE5E29F04B530D2/express-projects/02authentication-project/node_modules/express/lib/router/layer.js:95:5)\\n    at /mnt/2FE5E29F04B530D2/express-projects/02authentication-project/node_modules/express/lib/router/index.js:281:22\\n    at Function.process_params (/mnt/2FE5E29F04B530D2/express-projects/02authentication-project/node_modules/express/lib/router/index.js:335:12)\\n    at next (/mnt/2FE5E29F04B530D2/express-projects/02authentication-project/node_modules/express/lib/router/index.js:275:10)\\n    at Function.handle (/mnt/2FE5E29F04B530D2/express-projects/02authentication-project/node_modules/express/lib/router/index.js:174:3)\\n    at router (/mnt/2FE5E29F04B530D2/express-projects/02authentication-project/node_modules/express/lib/router/index.js:47:12)\\n    at Layer.handle [as handle_request] (/mnt/2FE5E29F04B530D2/express-projects/02authentication-project/node_modules/express/lib/router/layer.js:95:5)\\n    at trim_prefix (/mnt/2FE5E29F04B530D2/express-projects/02authentication-project/node_modules/express/lib/router/index.js:317:13)\\n    at /mnt/2FE5E29F04B530D2/express-projects/02authentication-project/node_modules/express/lib/router/index.js:284:7","level":"warning","url":"/users/login","method":"POST","ip":"::1","transationId":"one","correlationId":"one","request":"{}"}',
  timestamp: '2020-04-25T03:13:51.534Z'
}
{
  message: '::1 - - [25/Apr/2020:03:13:51 +0000] "POST /users/login HTTP/1.1" 422 70 "-" "Mozilla/5.0 (X11; Linux x86_64) AppleWebKit/537.36 (KHTML, like Gecko) Chrome/81.0.4044.92 Safari/537.36"\n',
  level: 'info',
  timestamp: '2020-04-25T03:13:51.543Z'
}
{
  level: 'warning',
  message: '{"statusCode":422,"status":"CLIENT_ERROR","message":"Email is required","stack":"Error: Email is required\\n    at checkEmail (/mnt/2FE5E29F04B530D2/express-projects/02authentication-project/src/util/user.validation.js:47:21)\\n    at validateLogin (/mnt/2FE5E29F04B530D2/express-projects/02authentication-project/src/util/user.validation.js:19:9)\\n    at UserController.login (/mnt/2FE5E29F04B530D2/express-projects/02authentication-project/src/user/user.controller.js:58:13)\\n    at /mnt/2FE5E29F04B530D2/express-projects/02authentication-project/src/user/user.route.js:11:58\\n    at Layer.handle [as handle_request] (/mnt/2FE5E29F04B530D2/express-projects/02authentication-project/node_modules/express/lib/router/layer.js:95:5)\\n    at next (/mnt/2FE5E29F04B530D2/express-projects/02authentication-project/node_modules/express/lib/router/route.js:137:13)\\n    at Route.dispatch (/mnt/2FE5E29F04B530D2/express-projects/02authentication-project/node_modules/express/lib/router/route.js:112:3)\\n    at Layer.handle [as handle_request] (/mnt/2FE5E29F04B530D2/express-projects/02authentication-project/node_modules/express/lib/router/layer.js:95:5)\\n    at /mnt/2FE5E29F04B530D2/express-projects/02authentication-project/node_modules/express/lib/router/index.js:281:22\\n    at Function.process_params (/mnt/2FE5E29F04B530D2/express-projects/02authentication-project/node_modules/express/lib/router/index.js:335:12)\\n    at next (/mnt/2FE5E29F04B530D2/express-projects/02authentication-project/node_modules/express/lib/router/index.js:275:10)\\n    at Function.handle (/mnt/2FE5E29F04B530D2/express-projects/02authentication-project/node_modules/express/lib/router/index.js:174:3)\\n    at router (/mnt/2FE5E29F04B530D2/express-projects/02authentication-project/node_modules/express/lib/router/index.js:47:12)\\n    at Layer.handle [as handle_request] (/mnt/2FE5E29F04B530D2/express-projects/02authentication-project/node_modules/express/lib/router/layer.js:95:5)\\n    at trim_prefix (/mnt/2FE5E29F04B530D2/express-projects/02authentication-project/node_modules/express/lib/router/index.js:317:13)\\n    at /mnt/2FE5E29F04B530D2/express-projects/02authentication-project/node_modules/express/lib/router/index.js:284:7","level":"warning","url":"/users/login","method":"POST","ip":"::1","transationId":"one","correlationId":"one","request":"{}"}',
  timestamp: '2020-04-25T03:18:00.933Z'
}
{
  message: '::1 - - [25/Apr/2020:03:18:00 +0000] "POST /users/login HTTP/1.1" 422 70 "-" "Mozilla/5.0 (X11; Linux x86_64) AppleWebKit/537.36 (KHTML, like Gecko) Chrome/81.0.4044.92 Safari/537.36"\n',
  level: 'info',
  timestamp: '2020-04-25T03:18:00.933Z'
}
{
  level: 'warning',
  message: '{"statusCode":422,"status":"CLIENT_ERROR","message":"Email is required","stack":"Error: Email is required\\n    at checkEmail (/mnt/2FE5E29F04B530D2/express-projects/02authentication-project/src/util/user.validation.js:48:21)\\n    at validateLogin (/mnt/2FE5E29F04B530D2/express-projects/02authentication-project/src/util/user.validation.js:20:9)\\n    at UserController.login (/mnt/2FE5E29F04B530D2/express-projects/02authentication-project/src/user/user.controller.js:58:13)\\n    at /mnt/2FE5E29F04B530D2/express-projects/02authentication-project/src/user/user.route.js:11:58\\n    at Layer.handle [as handle_request] (/mnt/2FE5E29F04B530D2/express-projects/02authentication-project/node_modules/express/lib/router/layer.js:95:5)\\n    at next (/mnt/2FE5E29F04B530D2/express-projects/02authentication-project/node_modules/express/lib/router/route.js:137:13)\\n    at Route.dispatch (/mnt/2FE5E29F04B530D2/express-projects/02authentication-project/node_modules/express/lib/router/route.js:112:3)\\n    at Layer.handle [as handle_request] (/mnt/2FE5E29F04B530D2/express-projects/02authentication-project/node_modules/express/lib/router/layer.js:95:5)\\n    at /mnt/2FE5E29F04B530D2/express-projects/02authentication-project/node_modules/express/lib/router/index.js:281:22\\n    at Function.process_params (/mnt/2FE5E29F04B530D2/express-projects/02authentication-project/node_modules/express/lib/router/index.js:335:12)\\n    at next (/mnt/2FE5E29F04B530D2/express-projects/02authentication-project/node_modules/express/lib/router/index.js:275:10)\\n    at Function.handle (/mnt/2FE5E29F04B530D2/express-projects/02authentication-project/node_modules/express/lib/router/index.js:174:3)\\n    at router (/mnt/2FE5E29F04B530D2/express-projects/02authentication-project/node_modules/express/lib/router/index.js:47:12)\\n    at Layer.handle [as handle_request] (/mnt/2FE5E29F04B530D2/express-projects/02authentication-project/node_modules/express/lib/router/layer.js:95:5)\\n    at trim_prefix (/mnt/2FE5E29F04B530D2/express-projects/02authentication-project/node_modules/express/lib/router/index.js:317:13)\\n    at /mnt/2FE5E29F04B530D2/express-projects/02authentication-project/node_modules/express/lib/router/index.js:284:7","level":"warning","url":"/users/login","method":"POST","ip":"::1","transationId":"one","correlationId":"one","request":"{}"}',
  timestamp: '2020-04-25T03:18:49.271Z'
}
{
  message: '::1 - - [25/Apr/2020:03:18:49 +0000] "POST /users/login HTTP/1.1" 422 70 "-" "Mozilla/5.0 (X11; Linux x86_64) AppleWebKit/537.36 (KHTML, like Gecko) Chrome/81.0.4044.92 Safari/537.36"\n',
  level: 'info',
  timestamp: '2020-04-25T03:18:49.277Z'
}
{
  level: 'warning',
  message: '{"statusCode":422,"status":"CLIENT_ERROR","message":"Email is required","stack":"Error: Email is required\\n    at checkEmail (/mnt/2FE5E29F04B530D2/express-projects/02authentication-project/src/util/user.validation.js:48:21)\\n    at validateLogin (/mnt/2FE5E29F04B530D2/express-projects/02authentication-project/src/util/user.validation.js:20:9)\\n    at UserController.login (/mnt/2FE5E29F04B530D2/express-projects/02authentication-project/src/user/user.controller.js:58:13)\\n    at /mnt/2FE5E29F04B530D2/express-projects/02authentication-project/src/user/user.route.js:11:58\\n    at Layer.handle [as handle_request] (/mnt/2FE5E29F04B530D2/express-projects/02authentication-project/node_modules/express/lib/router/layer.js:95:5)\\n    at next (/mnt/2FE5E29F04B530D2/express-projects/02authentication-project/node_modules/express/lib/router/route.js:137:13)\\n    at Route.dispatch (/mnt/2FE5E29F04B530D2/express-projects/02authentication-project/node_modules/express/lib/router/route.js:112:3)\\n    at Layer.handle [as handle_request] (/mnt/2FE5E29F04B530D2/express-projects/02authentication-project/node_modules/express/lib/router/layer.js:95:5)\\n    at /mnt/2FE5E29F04B530D2/express-projects/02authentication-project/node_modules/express/lib/router/index.js:281:22\\n    at Function.process_params (/mnt/2FE5E29F04B530D2/express-projects/02authentication-project/node_modules/express/lib/router/index.js:335:12)\\n    at next (/mnt/2FE5E29F04B530D2/express-projects/02authentication-project/node_modules/express/lib/router/index.js:275:10)\\n    at Function.handle (/mnt/2FE5E29F04B530D2/express-projects/02authentication-project/node_modules/express/lib/router/index.js:174:3)\\n    at router (/mnt/2FE5E29F04B530D2/express-projects/02authentication-project/node_modules/express/lib/router/index.js:47:12)\\n    at Layer.handle [as handle_request] (/mnt/2FE5E29F04B530D2/express-projects/02authentication-project/node_modules/express/lib/router/layer.js:95:5)\\n    at trim_prefix (/mnt/2FE5E29F04B530D2/express-projects/02authentication-project/node_modules/express/lib/router/index.js:317:13)\\n    at /mnt/2FE5E29F04B530D2/express-projects/02authentication-project/node_modules/express/lib/router/index.js:284:7","level":"warning","url":"/users/login","method":"POST","ip":"::1","transationId":"one","correlationId":"one","request":"{}"}',
  timestamp: '2020-04-25T03:20:25.145Z'
}
{
  message: '::1 - - [25/Apr/2020:03:20:25 +0000] "POST /users/login HTTP/1.1" 422 70 "-" "Mozilla/5.0 (X11; Linux x86_64) AppleWebKit/537.36 (KHTML, like Gecko) Chrome/81.0.4044.92 Safari/537.36"\n',
  level: 'info',
  timestamp: '2020-04-25T03:20:25.153Z'
}
{
  level: 'warning',
  message: '{"statusCode":422,"status":"CLIENT_ERROR","message":"Email is required","stack":"Error: Email is required\\n    at checkEmail (/mnt/2FE5E29F04B530D2/express-projects/02authentication-project/src/util/user.validation.js:48:21)\\n    at validateLogin (/mnt/2FE5E29F04B530D2/express-projects/02authentication-project/src/util/user.validation.js:20:9)\\n    at UserController.login (/mnt/2FE5E29F04B530D2/express-projects/02authentication-project/src/user/user.controller.js:58:13)\\n    at /mnt/2FE5E29F04B530D2/express-projects/02authentication-project/src/user/user.route.js:11:58\\n    at Layer.handle [as handle_request] (/mnt/2FE5E29F04B530D2/express-projects/02authentication-project/node_modules/express/lib/router/layer.js:95:5)\\n    at next (/mnt/2FE5E29F04B530D2/express-projects/02authentication-project/node_modules/express/lib/router/route.js:137:13)\\n    at Route.dispatch (/mnt/2FE5E29F04B530D2/express-projects/02authentication-project/node_modules/express/lib/router/route.js:112:3)\\n    at Layer.handle [as handle_request] (/mnt/2FE5E29F04B530D2/express-projects/02authentication-project/node_modules/express/lib/router/layer.js:95:5)\\n    at /mnt/2FE5E29F04B530D2/express-projects/02authentication-project/node_modules/express/lib/router/index.js:281:22\\n    at Function.process_params (/mnt/2FE5E29F04B530D2/express-projects/02authentication-project/node_modules/express/lib/router/index.js:335:12)\\n    at next (/mnt/2FE5E29F04B530D2/express-projects/02authentication-project/node_modules/express/lib/router/index.js:275:10)\\n    at Function.handle (/mnt/2FE5E29F04B530D2/express-projects/02authentication-project/node_modules/express/lib/router/index.js:174:3)\\n    at router (/mnt/2FE5E29F04B530D2/express-projects/02authentication-project/node_modules/express/lib/router/index.js:47:12)\\n    at Layer.handle [as handle_request] (/mnt/2FE5E29F04B530D2/express-projects/02authentication-project/node_modules/express/lib/router/layer.js:95:5)\\n    at trim_prefix (/mnt/2FE5E29F04B530D2/express-projects/02authentication-project/node_modules/express/lib/router/index.js:317:13)\\n    at /mnt/2FE5E29F04B530D2/express-projects/02authentication-project/node_modules/express/lib/router/index.js:284:7","level":"warning","url":"/users/login","method":"POST","ip":"::1","transationId":"one","correlationId":"one","request":"{}"}',
  timestamp: '2020-04-25T03:20:44.271Z'
}
{
  message: '::1 - - [25/Apr/2020:03:20:44 +0000] "POST /users/login HTTP/1.1" 422 70 "-" "Mozilla/5.0 (X11; Linux x86_64) AppleWebKit/537.36 (KHTML, like Gecko) Chrome/81.0.4044.92 Safari/537.36"\n',
  level: 'info',
  timestamp: '2020-04-25T03:20:44.273Z'
}
{
  level: 'warning',
  message: '{"statusCode":422,"status":"CLIENT_ERROR","message":"Email is required","stack":"Error: Email is required\\n    at checkEmail (/mnt/2FE5E29F04B530D2/express-projects/02authentication-project/src/util/user.validation.js:48:21)\\n    at validateLogin (/mnt/2FE5E29F04B530D2/express-projects/02authentication-project/src/util/user.validation.js:20:9)\\n    at UserController.login (/mnt/2FE5E29F04B530D2/express-projects/02authentication-project/src/user/user.controller.js:58:13)\\n    at /mnt/2FE5E29F04B530D2/express-projects/02authentication-project/src/user/user.route.js:11:58\\n    at Layer.handle [as handle_request] (/mnt/2FE5E29F04B530D2/express-projects/02authentication-project/node_modules/express/lib/router/layer.js:95:5)\\n    at next (/mnt/2FE5E29F04B530D2/express-projects/02authentication-project/node_modules/express/lib/router/route.js:137:13)\\n    at Route.dispatch (/mnt/2FE5E29F04B530D2/express-projects/02authentication-project/node_modules/express/lib/router/route.js:112:3)\\n    at Layer.handle [as handle_request] (/mnt/2FE5E29F04B530D2/express-projects/02authentication-project/node_modules/express/lib/router/layer.js:95:5)\\n    at /mnt/2FE5E29F04B530D2/express-projects/02authentication-project/node_modules/express/lib/router/index.js:281:22\\n    at Function.process_params (/mnt/2FE5E29F04B530D2/express-projects/02authentication-project/node_modules/express/lib/router/index.js:335:12)\\n    at next (/mnt/2FE5E29F04B530D2/express-projects/02authentication-project/node_modules/express/lib/router/index.js:275:10)\\n    at Function.handle (/mnt/2FE5E29F04B530D2/express-projects/02authentication-project/node_modules/express/lib/router/index.js:174:3)\\n    at router (/mnt/2FE5E29F04B530D2/express-projects/02authentication-project/node_modules/express/lib/router/index.js:47:12)\\n    at Layer.handle [as handle_request] (/mnt/2FE5E29F04B530D2/express-projects/02authentication-project/node_modules/express/lib/router/layer.js:95:5)\\n    at trim_prefix (/mnt/2FE5E29F04B530D2/express-projects/02authentication-project/node_modules/express/lib/router/index.js:317:13)\\n    at /mnt/2FE5E29F04B530D2/express-projects/02authentication-project/node_modules/express/lib/router/index.js:284:7","level":"warning","url":"/users/login","method":"POST","ip":"::1","transationId":"one","correlationId":"one","request":"{}"}',
  timestamp: '2020-04-25T03:21:20.932Z'
}
{
  message: '::1 - - [25/Apr/2020:03:21:20 +0000] "POST /users/login HTTP/1.1" 422 70 "-" "Mozilla/5.0 (X11; Linux x86_64) AppleWebKit/537.36 (KHTML, like Gecko) Chrome/81.0.4044.92 Safari/537.36"\n',
  level: 'info',
  timestamp: '2020-04-25T03:21:20.936Z'
}
{
  level: 'warning',
  message: '{"statusCode":422,"status":"CLIENT_ERROR","message":"Email is required","stack":"Error: Email is required\\n    at checkEmail (/mnt/2FE5E29F04B530D2/express-projects/02authentication-project/src/util/user.validation.js:48:21)\\n    at validateLogin (/mnt/2FE5E29F04B530D2/express-projects/02authentication-project/src/util/user.validation.js:20:9)\\n    at UserController.login (/mnt/2FE5E29F04B530D2/express-projects/02authentication-project/src/user/user.controller.js:58:13)\\n    at /mnt/2FE5E29F04B530D2/express-projects/02authentication-project/src/user/user.route.js:11:58\\n    at Layer.handle [as handle_request] (/mnt/2FE5E29F04B530D2/express-projects/02authentication-project/node_modules/express/lib/router/layer.js:95:5)\\n    at next (/mnt/2FE5E29F04B530D2/express-projects/02authentication-project/node_modules/express/lib/router/route.js:137:13)\\n    at Route.dispatch (/mnt/2FE5E29F04B530D2/express-projects/02authentication-project/node_modules/express/lib/router/route.js:112:3)\\n    at Layer.handle [as handle_request] (/mnt/2FE5E29F04B530D2/express-projects/02authentication-project/node_modules/express/lib/router/layer.js:95:5)\\n    at /mnt/2FE5E29F04B530D2/express-projects/02authentication-project/node_modules/express/lib/router/index.js:281:22\\n    at Function.process_params (/mnt/2FE5E29F04B530D2/express-projects/02authentication-project/node_modules/express/lib/router/index.js:335:12)\\n    at next (/mnt/2FE5E29F04B530D2/express-projects/02authentication-project/node_modules/express/lib/router/index.js:275:10)\\n    at Function.handle (/mnt/2FE5E29F04B530D2/express-projects/02authentication-project/node_modules/express/lib/router/index.js:174:3)\\n    at router (/mnt/2FE5E29F04B530D2/express-projects/02authentication-project/node_modules/express/lib/router/index.js:47:12)\\n    at Layer.handle [as handle_request] (/mnt/2FE5E29F04B530D2/express-projects/02authentication-project/node_modules/express/lib/router/layer.js:95:5)\\n    at trim_prefix (/mnt/2FE5E29F04B530D2/express-projects/02authentication-project/node_modules/express/lib/router/index.js:317:13)\\n    at /mnt/2FE5E29F04B530D2/express-projects/02authentication-project/node_modules/express/lib/router/index.js:284:7","level":"warning","url":"/users/login","method":"POST","ip":"::1","transationId":"one","correlationId":"one","request":"{}"}',
  timestamp: '2020-04-25T03:21:52.513Z'
}
{
  message: '::1 - - [25/Apr/2020:03:21:52 +0000] "POST /users/login HTTP/1.1" 422 70 "-" "Mozilla/5.0 (X11; Linux x86_64) AppleWebKit/537.36 (KHTML, like Gecko) Chrome/81.0.4044.92 Safari/537.36"\n',
  level: 'info',
  timestamp: '2020-04-25T03:21:52.514Z'
}
{
  level: 'warning',
  message: '{"statusCode":422,"status":"CLIENT_ERROR","message":"Email is required","stack":"Error: Email is required\\n    at checkEmail (/mnt/2FE5E29F04B530D2/express-projects/02authentication-project/src/util/user.validation.js:48:21)\\n    at validateLogin (/mnt/2FE5E29F04B530D2/express-projects/02authentication-project/src/util/user.validation.js:20:9)\\n    at UserController.login (/mnt/2FE5E29F04B530D2/express-projects/02authentication-project/src/user/user.controller.js:58:13)\\n    at /mnt/2FE5E29F04B530D2/express-projects/02authentication-project/src/user/user.route.js:11:58\\n    at Layer.handle [as handle_request] (/mnt/2FE5E29F04B530D2/express-projects/02authentication-project/node_modules/express/lib/router/layer.js:95:5)\\n    at next (/mnt/2FE5E29F04B530D2/express-projects/02authentication-project/node_modules/express/lib/router/route.js:137:13)\\n    at Route.dispatch (/mnt/2FE5E29F04B530D2/express-projects/02authentication-project/node_modules/express/lib/router/route.js:112:3)\\n    at Layer.handle [as handle_request] (/mnt/2FE5E29F04B530D2/express-projects/02authentication-project/node_modules/express/lib/router/layer.js:95:5)\\n    at /mnt/2FE5E29F04B530D2/express-projects/02authentication-project/node_modules/express/lib/router/index.js:281:22\\n    at Function.process_params (/mnt/2FE5E29F04B530D2/express-projects/02authentication-project/node_modules/express/lib/router/index.js:335:12)\\n    at next (/mnt/2FE5E29F04B530D2/express-projects/02authentication-project/node_modules/express/lib/router/index.js:275:10)\\n    at Function.handle (/mnt/2FE5E29F04B530D2/express-projects/02authentication-project/node_modules/express/lib/router/index.js:174:3)\\n    at router (/mnt/2FE5E29F04B530D2/express-projects/02authentication-project/node_modules/express/lib/router/index.js:47:12)\\n    at Layer.handle [as handle_request] (/mnt/2FE5E29F04B530D2/express-projects/02authentication-project/node_modules/express/lib/router/layer.js:95:5)\\n    at trim_prefix (/mnt/2FE5E29F04B530D2/express-projects/02authentication-project/node_modules/express/lib/router/index.js:317:13)\\n    at /mnt/2FE5E29F04B530D2/express-projects/02authentication-project/node_modules/express/lib/router/index.js:284:7","level":"warning","url":"/users/login","method":"POST","ip":"::1","transationId":"one","correlationId":"one","request":"{}"}',
  timestamp: '2020-04-25T03:26:25.721Z'
}
{
  message: '::1 - - [25/Apr/2020:03:26:25 +0000] "POST /users/login HTTP/1.1" 422 70 "-" "Mozilla/5.0 (X11; Linux x86_64) AppleWebKit/537.36 (KHTML, like Gecko) Chrome/81.0.4044.92 Safari/537.36"\n',
  level: 'info',
  timestamp: '2020-04-25T03:26:25.723Z'
}
{
  level: 'warning',
  message: '{"statusCode":422,"status":"CLIENT_ERROR","message":"Email is required","stack":"Error: Email is required\\n    at checkEmail (/mnt/2FE5E29F04B530D2/express-projects/02authentication-project/src/util/user.validation.js:48:21)\\n    at validateLogin (/mnt/2FE5E29F04B530D2/express-projects/02authentication-project/src/util/user.validation.js:20:9)\\n    at UserController.login (/mnt/2FE5E29F04B530D2/express-projects/02authentication-project/src/user/user.controller.js:58:13)\\n    at /mnt/2FE5E29F04B530D2/express-projects/02authentication-project/src/user/user.route.js:11:58\\n    at Layer.handle [as handle_request] (/mnt/2FE5E29F04B530D2/express-projects/02authentication-project/node_modules/express/lib/router/layer.js:95:5)\\n    at next (/mnt/2FE5E29F04B530D2/express-projects/02authentication-project/node_modules/express/lib/router/route.js:137:13)\\n    at Route.dispatch (/mnt/2FE5E29F04B530D2/express-projects/02authentication-project/node_modules/express/lib/router/route.js:112:3)\\n    at Layer.handle [as handle_request] (/mnt/2FE5E29F04B530D2/express-projects/02authentication-project/node_modules/express/lib/router/layer.js:95:5)\\n    at /mnt/2FE5E29F04B530D2/express-projects/02authentication-project/node_modules/express/lib/router/index.js:281:22\\n    at Function.process_params (/mnt/2FE5E29F04B530D2/express-projects/02authentication-project/node_modules/express/lib/router/index.js:335:12)\\n    at next (/mnt/2FE5E29F04B530D2/express-projects/02authentication-project/node_modules/express/lib/router/index.js:275:10)\\n    at Function.handle (/mnt/2FE5E29F04B530D2/express-projects/02authentication-project/node_modules/express/lib/router/index.js:174:3)\\n    at router (/mnt/2FE5E29F04B530D2/express-projects/02authentication-project/node_modules/express/lib/router/index.js:47:12)\\n    at Layer.handle [as handle_request] (/mnt/2FE5E29F04B530D2/express-projects/02authentication-project/node_modules/express/lib/router/layer.js:95:5)\\n    at trim_prefix (/mnt/2FE5E29F04B530D2/express-projects/02authentication-project/node_modules/express/lib/router/index.js:317:13)\\n    at /mnt/2FE5E29F04B530D2/express-projects/02authentication-project/node_modules/express/lib/router/index.js:284:7","level":"warning","url":"/users/login","method":"POST","ip":"::1","transationId":"one","correlationId":"one","request":"{}"}',
  timestamp: '2020-04-25T03:26:42.241Z'
}
{
  message: '::1 - - [25/Apr/2020:03:26:42 +0000] "POST /users/login HTTP/1.1" 422 70 "-" "Mozilla/5.0 (X11; Linux x86_64) AppleWebKit/537.36 (KHTML, like Gecko) Chrome/81.0.4044.92 Safari/537.36"\n',
  level: 'info',
  timestamp: '2020-04-25T03:26:42.245Z'
}
{
  level: 'warning',
  message: '{"statusCode":422,"status":"CLIENT_ERROR","message":"Email is required","stack":"Error: Email is required\\n    at checkEmail (/mnt/2FE5E29F04B530D2/express-projects/02authentication-project/src/util/user.validation.js:48:21)\\n    at validateLogin (/mnt/2FE5E29F04B530D2/express-projects/02authentication-project/src/util/user.validation.js:20:9)\\n    at UserController.login (/mnt/2FE5E29F04B530D2/express-projects/02authentication-project/src/user/user.controller.js:58:13)\\n    at /mnt/2FE5E29F04B530D2/express-projects/02authentication-project/src/user/user.route.js:11:58\\n    at Layer.handle [as handle_request] (/mnt/2FE5E29F04B530D2/express-projects/02authentication-project/node_modules/express/lib/router/layer.js:95:5)\\n    at next (/mnt/2FE5E29F04B530D2/express-projects/02authentication-project/node_modules/express/lib/router/route.js:137:13)\\n    at Route.dispatch (/mnt/2FE5E29F04B530D2/express-projects/02authentication-project/node_modules/express/lib/router/route.js:112:3)\\n    at Layer.handle [as handle_request] (/mnt/2FE5E29F04B530D2/express-projects/02authentication-project/node_modules/express/lib/router/layer.js:95:5)\\n    at /mnt/2FE5E29F04B530D2/express-projects/02authentication-project/node_modules/express/lib/router/index.js:281:22\\n    at Function.process_params (/mnt/2FE5E29F04B530D2/express-projects/02authentication-project/node_modules/express/lib/router/index.js:335:12)\\n    at next (/mnt/2FE5E29F04B530D2/express-projects/02authentication-project/node_modules/express/lib/router/index.js:275:10)\\n    at Function.handle (/mnt/2FE5E29F04B530D2/express-projects/02authentication-project/node_modules/express/lib/router/index.js:174:3)\\n    at router (/mnt/2FE5E29F04B530D2/express-projects/02authentication-project/node_modules/express/lib/router/index.js:47:12)\\n    at Layer.handle [as handle_request] (/mnt/2FE5E29F04B530D2/express-projects/02authentication-project/node_modules/express/lib/router/layer.js:95:5)\\n    at trim_prefix (/mnt/2FE5E29F04B530D2/express-projects/02authentication-project/node_modules/express/lib/router/index.js:317:13)\\n    at /mnt/2FE5E29F04B530D2/express-projects/02authentication-project/node_modules/express/lib/router/index.js:284:7","level":"warning","url":"/users/login","method":"POST","ip":"::1","transationId":"one","correlationId":"one","request":"{}"}',
  timestamp: '2020-04-25T03:27:03.832Z'
}
{
  message: '::1 - - [25/Apr/2020:03:27:03 +0000] "POST /users/login HTTP/1.1" 422 70 "-" "Mozilla/5.0 (X11; Linux x86_64) AppleWebKit/537.36 (KHTML, like Gecko) Chrome/81.0.4044.92 Safari/537.36"\n',
  level: 'info',
  timestamp: '2020-04-25T03:27:03.833Z'
}
{
  level: 'warning',
  message: '{"statusCode":422,"status":"CLIENT_ERROR","message":"Email is required","stack":"Error: Email is required\\n    at checkEmail (/mnt/2FE5E29F04B530D2/express-projects/02authentication-project/src/util/user.validation.js:48:21)\\n    at validateLogin (/mnt/2FE5E29F04B530D2/express-projects/02authentication-project/src/util/user.validation.js:20:9)\\n    at UserController.login (/mnt/2FE5E29F04B530D2/express-projects/02authentication-project/src/user/user.controller.js:58:13)\\n    at /mnt/2FE5E29F04B530D2/express-projects/02authentication-project/src/user/user.route.js:11:58\\n    at Layer.handle [as handle_request] (/mnt/2FE5E29F04B530D2/express-projects/02authentication-project/node_modules/express/lib/router/layer.js:95:5)\\n    at next (/mnt/2FE5E29F04B530D2/express-projects/02authentication-project/node_modules/express/lib/router/route.js:137:13)\\n    at Route.dispatch (/mnt/2FE5E29F04B530D2/express-projects/02authentication-project/node_modules/express/lib/router/route.js:112:3)\\n    at Layer.handle [as handle_request] (/mnt/2FE5E29F04B530D2/express-projects/02authentication-project/node_modules/express/lib/router/layer.js:95:5)\\n    at /mnt/2FE5E29F04B530D2/express-projects/02authentication-project/node_modules/express/lib/router/index.js:281:22\\n    at Function.process_params (/mnt/2FE5E29F04B530D2/express-projects/02authentication-project/node_modules/express/lib/router/index.js:335:12)\\n    at next (/mnt/2FE5E29F04B530D2/express-projects/02authentication-project/node_modules/express/lib/router/index.js:275:10)\\n    at Function.handle (/mnt/2FE5E29F04B530D2/express-projects/02authentication-project/node_modules/express/lib/router/index.js:174:3)\\n    at router (/mnt/2FE5E29F04B530D2/express-projects/02authentication-project/node_modules/express/lib/router/index.js:47:12)\\n    at Layer.handle [as handle_request] (/mnt/2FE5E29F04B530D2/express-projects/02authentication-project/node_modules/express/lib/router/layer.js:95:5)\\n    at trim_prefix (/mnt/2FE5E29F04B530D2/express-projects/02authentication-project/node_modules/express/lib/router/index.js:317:13)\\n    at /mnt/2FE5E29F04B530D2/express-projects/02authentication-project/node_modules/express/lib/router/index.js:284:7","level":"warning","url":"/users/login","method":"POST","ip":"::1","transationId":"one","correlationId":"one","request":"{}"}',
  timestamp: '2020-04-25T03:28:41.315Z'
}
{
  message: '::1 - - [25/Apr/2020:03:28:41 +0000] "POST /users/login HTTP/1.1" 422 70 "-" "Mozilla/5.0 (X11; Linux x86_64) AppleWebKit/537.36 (KHTML, like Gecko) Chrome/81.0.4044.92 Safari/537.36"\n',
  level: 'info',
  timestamp: '2020-04-25T03:28:41.316Z'
}
{
  message: '::1 - - [25/Apr/2020:03:29:17 +0000] "POST /users/login HTTP/1.1" 200 775 "-" "Mozilla/5.0 (X11; Linux x86_64) AppleWebKit/537.36 (KHTML, like Gecko) Chrome/81.0.4044.92 Safari/537.36"\n',
  level: 'info',
  timestamp: '2020-04-25T03:29:17.950Z'
}
